<?xml version="1.0" encoding="UTF-8"?>
<!-- Generated by org.testng.reporters.JUnitReportReporter -->
<testsuite skipped="0" hostname="DESKTOP-62KDJ4A" name="pageObjects.FlightSearch" tests="1" failures="0" timestamp="06 Oct 2019 16:45:12 GMT" time="103.038" errors="0">
  <testcase name="SearchPage" time="103.038" classname="pageObjects.FlightSearch"/>
</testsuite> <!-- pageObjects.FlightSearch -->
