<?xml version="1.0" encoding="UTF-8"?>
<!-- Generated by org.testng.reporters.JUnitReportReporter -->
<testsuite skipped="0" hostname="DESKTOP-62KDJ4A" name="rough.Rough" tests="3" failures="0" timestamp="7 Oct 2019 16:59:06 GMT" time="0.014" errors="0">
  <testcase name="TestData1" time="0.001" classname="rough.Rough"/>
  <testcase name="TestData1" time="0.012" classname="rough.Rough"/>
  <testcase name="TestData1" time="0.001" classname="rough.Rough"/>
</testsuite> <!-- rough.Rough -->
