<?xml version="1.0" encoding="UTF-8"?>
<!-- Generated by org.testng.reporters.JUnitReportReporter -->
<testsuite skipped="0" hostname="DESKTOP-62KDJ4A" name="rough.DataUtil" tests="1" failures="0" timestamp="7 Oct 2019 16:26:35 GMT" time="0.444" errors="0">
  <testcase name="getData" time="0.444" classname="rough.DataUtil"/>
</testsuite> <!-- rough.DataUtil -->
